2025-05-12 17:03:12,465 - data_preprocessing - DEBUG - Data loaded properly
2025-05-12 17:03:12,466 - data_preprocessing - DEBUG - Starting preprocessing for DataFrame
2025-05-12 17:03:12,474 - data_preprocessing - DEBUG - Target column encoded
2025-05-12 17:03:12,486 - data_preprocessing - DEBUG - Duplicates removed
2025-05-12 17:03:23,181 - data_preprocessing - DEBUG - Text column transformed
2025-05-12 17:03:23,181 - data_preprocessing - DEBUG - Starting preprocessing for DataFrame
2025-05-12 17:03:23,182 - data_preprocessing - DEBUG - Target column encoded
2025-05-12 17:03:23,183 - data_preprocessing - DEBUG - Duplicates removed
2025-05-12 17:03:25,932 - data_preprocessing - DEBUG - Text column transformed
2025-05-12 17:03:25,945 - data_preprocessing - DEBUG - Processed data saved to ./data\interim
2025-05-12 17:04:55,601 - data_preprocessing - DEBUG - Data loaded properly
2025-05-12 17:04:55,602 - data_preprocessing - DEBUG - Starting preprocessing for DataFrame
2025-05-12 17:04:55,604 - data_preprocessing - DEBUG - Target column encoded
2025-05-12 17:04:55,607 - data_preprocessing - DEBUG - Duplicates removed
2025-05-12 17:05:05,385 - data_preprocessing - DEBUG - Text column transformed
2025-05-12 17:05:05,385 - data_preprocessing - DEBUG - Starting preprocessing for DataFrame
2025-05-12 17:05:05,386 - data_preprocessing - DEBUG - Target column encoded
2025-05-12 17:05:05,388 - data_preprocessing - DEBUG - Duplicates removed
2025-05-12 17:05:08,049 - data_preprocessing - DEBUG - Text column transformed
2025-05-12 17:05:08,059 - data_preprocessing - DEBUG - Processed data saved to ./data\interim
