2025-05-13 14:16:11,014 - data_preprocessing - DEBUG - Data loaded properly
2025-05-13 14:16:11,015 - data_preprocessing - DEBUG - Starting preprocessing for DataFrame
2025-05-13 14:16:11,020 - data_preprocessing - DEBUG - Target column encoded
2025-05-13 14:16:11,039 - data_preprocessing - DEBUG - Duplicates removed
2025-05-13 14:16:30,880 - data_preprocessing - DEBUG - Text column transformed
2025-05-13 14:16:30,880 - data_preprocessing - DEBUG - Starting preprocessing for DataFrame
2025-05-13 14:16:30,882 - data_preprocessing - DEBUG - Target column encoded
2025-05-13 14:16:30,885 - data_preprocessing - DEBUG - Duplicates removed
2025-05-13 14:16:35,431 - data_preprocessing - DEBUG - Text column transformed
2025-05-13 14:16:35,452 - data_preprocessing - DEBUG - Processed data saved to ./data\interim
2025-05-13 15:39:24,588 - data_preprocessing - DEBUG - Data loaded properly
2025-05-13 15:39:24,589 - data_preprocessing - DEBUG - Starting preprocessing for DataFrame
2025-05-13 15:39:24,591 - data_preprocessing - DEBUG - Target column encoded
2025-05-13 15:39:24,601 - data_preprocessing - DEBUG - Duplicates removed
2025-05-13 15:39:35,388 - data_preprocessing - DEBUG - Text column transformed
2025-05-13 15:39:35,389 - data_preprocessing - DEBUG - Starting preprocessing for DataFrame
2025-05-13 15:39:35,389 - data_preprocessing - DEBUG - Target column encoded
2025-05-13 15:39:35,390 - data_preprocessing - DEBUG - Duplicates removed
2025-05-13 15:39:36,685 - data_preprocessing - DEBUG - Text column transformed
2025-05-13 15:39:36,694 - data_preprocessing - DEBUG - Processed data saved to ./data\interim
2025-05-13 15:52:19,038 - data_preprocessing - DEBUG - Data loaded properly
2025-05-13 15:52:19,038 - data_preprocessing - DEBUG - Starting preprocessing for DataFrame
2025-05-13 15:52:19,040 - data_preprocessing - DEBUG - Target column encoded
2025-05-13 15:52:19,047 - data_preprocessing - DEBUG - Duplicates removed
2025-05-13 15:52:28,909 - data_preprocessing - DEBUG - Text column transformed
2025-05-13 15:52:28,909 - data_preprocessing - DEBUG - Starting preprocessing for DataFrame
2025-05-13 15:52:28,910 - data_preprocessing - DEBUG - Target column encoded
2025-05-13 15:52:28,911 - data_preprocessing - DEBUG - Duplicates removed
2025-05-13 15:52:30,765 - data_preprocessing - DEBUG - Text column transformed
2025-05-13 15:52:30,775 - data_preprocessing - DEBUG - Processed data saved to ./data\interim
